<?xml version="1.0" encoding="UTF-8"?>
<testsuite name="org.jetbrains.base64.Base64Test" tests="2" skipped="0" failures="0" errors="0" timestamp="2023-06-22T08:09:19" hostname="Hiens-MBP.fritz.box" time="0.004">
  <properties/>
  <testcase name="testEncodeToString[native]" classname="org.jetbrains.base64.Base64Test" time="0.002"/>
  <testcase name="testPaddedStrings[native]" classname="org.jetbrains.base64.Base64Test" time="0.001"/>
  <system-out><![CDATA[]]></system-out>
  <system-err><![CDATA[]]></system-err>
</testsuite>
