<?xml version="1.0" encoding="UTF-8"?>
<testsuite name="org.jetbrains.base64.Base64Test" tests="2" skipped="0" failures="0" errors="0" timestamp="2023-06-20T11:48:10" hostname="Hiens-MacBook-Pro.fritz.box" time="0.002">
  <properties/>
  <testcase name="testPaddedStrings()[jvm]" classname="org.jetbrains.base64.Base64Test" time="0.001"/>
  <testcase name="testEncodeToString()[jvm]" classname="org.jetbrains.base64.Base64Test" time="0.001"/>
  <system-out><![CDATA[]]></system-out>
  <system-err><![CDATA[]]></system-err>
</testsuite>
